


ARM Macro Assembler    Page 1 


    1 00000000         ; <<< Use Configuration Wizard in Context Menu >>>
    2 00000000         ;*******************************************************
                       ***********************
    3 00000000         ;
    4 00000000         ; startup_rvmdk.S - Startup code for use with Keil's uVi
                       sion.
    5 00000000         ;
    6 00000000         ; Copyright (c) 2013-2020 Texas Instruments Incorporated
                       .  All rights reserved.
    7 00000000         ; Software License Agreement
    8 00000000         ; 
    9 00000000         ;   Redistribution and use in source and binary forms, w
                       ith or without
   10 00000000         ;   modification, are permitted provided that the follow
                       ing conditions
   11 00000000         ;   are met:
   12 00000000         ; 
   13 00000000         ;   Redistributions of source code must retain the above
                        copyright
   14 00000000         ;   notice, this list of conditions and the following di
                       sclaimer.
   15 00000000         ; 
   16 00000000         ;   Redistributions in binary form must reproduce the ab
                       ove copyright
   17 00000000         ;   notice, this list of conditions and the following di
                       sclaimer in the
   18 00000000         ;   documentation and/or other materials provided with t
                       he  
   19 00000000         ;   distribution.
   20 00000000         ; 
   21 00000000         ;   Neither the name of Texas Instruments Incorporated n
                       or the names of
   22 00000000         ;   its contributors may be used to endorse or promote p
                       roducts derived
   23 00000000         ;   from this software without specific prior written pe
                       rmission.
   24 00000000         ; 
   25 00000000         ; THIS SOFTWARE IS PROVIDED BY THE COPYRIGHT HOLDERS AND
                        CONTRIBUTORS
   26 00000000         ; "AS IS" AND ANY EXPRESS OR IMPLIED WARRANTIES, INCLUDI
                       NG, BUT NOT
   27 00000000         ; LIMITED TO, THE IMPLIED WARRANTIES OF MERCHANTABILITY 
                       AND FITNESS FOR
   28 00000000         ; A PARTICULAR PURPOSE ARE DISCLAIMED. IN NO EVENT SHALL
                        THE COPYRIGHT
   29 00000000         ; OWNER OR CONTRIBUTORS BE LIABLE FOR ANY DIRECT, INDIRE
                       CT, INCIDENTAL,
   30 00000000         ; SPECIAL, EXEMPLARY, OR CONSEQUENTIAL DAMAGES (INCLUDIN
                       G, BUT NOT
   31 00000000         ; LIMITED TO, PROCUREMENT OF SUBSTITUTE GOODS OR SERVICE
                       S; LOSS OF USE,
   32 00000000         ; DATA, OR PROFITS; OR BUSINESS INTERRUPTION) HOWEVER CA
                       USED AND ON ANY
   33 00000000         ; THEORY OF LIABILITY, WHETHER IN CONTRACT, STRICT LIABI
                       LITY, OR TORT
   34 00000000         ; (INCLUDING NEGLIGENCE OR OTHERWISE) ARISING IN ANY WAY
                        OUT OF THE USE
   35 00000000         ; OF THIS SOFTWARE, EVEN IF ADVISED OF THE POSSIBILITY O
                       F SUCH DAMAGE.



ARM Macro Assembler    Page 2 


   36 00000000         ; 
   37 00000000         ; This is part of revision 2.2.0.295 of the Tiva Firmwar
                       e Development Package.
   38 00000000         ;
   39 00000000         ;*******************************************************
                       ***********************
   40 00000000         
   41 00000000         ;*******************************************************
                       ***********************
   42 00000000         ;
   43 00000000         ; <o> Stack Size (in Bytes) <0x0-0xFFFFFFFF:8>
   44 00000000         ;
   45 00000000         ;*******************************************************
                       ***********************
   46 00000000 00000100 
                       Stack   EQU              0x00000100
   47 00000000         
   48 00000000         ;*******************************************************
                       ***********************
   49 00000000         ;
   50 00000000         ; <o> Heap Size (in Bytes) <0x0-0xFFFFFFFF:8>
   51 00000000         ;
   52 00000000         ;*******************************************************
                       ***********************
   53 00000000 00000000 
                       Heap    EQU              0x00000000
   54 00000000         
   55 00000000         ;*******************************************************
                       ***********************
   56 00000000         ;
   57 00000000         ; Allocate space for the stack.
   58 00000000         ;
   59 00000000         ;*******************************************************
                       ***********************
   60 00000000                 AREA             STACK, NOINIT, READWRITE, ALIGN
=3
   61 00000000         StackMem
   62 00000000                 SPACE            Stack
   63 00000100         __initial_sp
   64 00000100         
   65 00000100         ;*******************************************************
                       ***********************
   66 00000100         ;
   67 00000100         ; Allocate space for the heap.
   68 00000100         ;
   69 00000100         ;*******************************************************
                       ***********************
   70 00000100                 AREA             HEAP, NOINIT, READWRITE, ALIGN=
3
   71 00000000         __heap_base
   72 00000000         HeapMem
   73 00000000                 SPACE            Heap
   74 00000000         __heap_limit
   75 00000000         
   76 00000000         ;*******************************************************
                       ***********************
   77 00000000         ;
   78 00000000         ; Indicate that the code in this file preserves 8-byte a
                       lignment of the stack.



ARM Macro Assembler    Page 3 


   79 00000000         ;
   80 00000000         ;*******************************************************
                       ***********************
   81 00000000                 PRESERVE8
   82 00000000         
   83 00000000         ;*******************************************************
                       ***********************
   84 00000000         ;
   85 00000000         ; Place code into the reset code section.
   86 00000000         ;
   87 00000000         ;*******************************************************
                       ***********************
   88 00000000                 AREA             RESET, CODE, READONLY
   89 00000000                 THUMB
   90 00000000         
   91 00000000         ;*******************************************************
                       ***********************
   92 00000000         ;
   93 00000000         ; The vector table.
   94 00000000         ;
   95 00000000         ;*******************************************************
                       ***********************
   96 00000000                 EXTERN           GPIOPortF_Handler
   97 00000000         
   98 00000000                 EXPORT           __Vectors
   99 00000000         __Vectors
  100 00000000 00000100        DCD              StackMem + Stack ; Top of Stack
                                                            
  101 00000004 00000000        DCD              Reset_Handler ; Reset Handler
  102 00000008 00000000        DCD              NmiSR       ; NMI Handler
  103 0000000C 00000000        DCD              FaultISR    ; Hard Fault Handle
                                                            r
  104 00000010 00000000        DCD              IntDefaultHandler ; The MPU fau
                                                            lt handler
  105 00000014 00000000        DCD              IntDefaultHandler ; The bus fau
                                                            lt handler
  106 00000018 00000000        DCD              IntDefaultHandler ; The usage f
                                                            ault handler
  107 0000001C 00000000        DCD              0           ; Reserved
  108 00000020 00000000        DCD              0           ; Reserved
  109 00000024 00000000        DCD              0           ; Reserved
  110 00000028 00000000        DCD              0           ; Reserved
  111 0000002C 00000000        DCD              IntDefaultHandler 
                                                            ; SVCall handler
  112 00000030 00000000        DCD              IntDefaultHandler ; Debug monit
                                                            or handler
  113 00000034 00000000        DCD              0           ; Reserved
  114 00000038 00000000        DCD              IntDefaultHandler ; The PendSV 
                                                            handler
  115 0000003C 00000000        DCD              IntDefaultHandler ; The SysTick
                                                             handler
  116 00000040 00000000        DCD              IntDefaultHandler ; GPIO Port A
                                                            
  117 00000044 00000000        DCD              IntDefaultHandler ; GPIO Port B
                                                            
  118 00000048 00000000        DCD              IntDefaultHandler ; GPIO Port C
                                                            
  119 0000004C 00000000        DCD              IntDefaultHandler ; GPIO Port D
                                                            



ARM Macro Assembler    Page 4 


  120 00000050 00000000        DCD              IntDefaultHandler ; GPIO Port E
                                                            
  121 00000054 00000000        DCD              IntDefaultHandler 
                                                            ; UART0 Rx and Tx
  122 00000058 00000000        DCD              IntDefaultHandler 
                                                            ; UART1 Rx and Tx
  123 0000005C 00000000        DCD              IntDefaultHandler 
                                                            ; SSI0 Rx and Tx
  124 00000060 00000000        DCD              IntDefaultHandler ; I2C0 Master
                                                             and Slave
  125 00000064 00000000        DCD              IntDefaultHandler ; PWM Fault
  126 00000068 00000000        DCD              IntDefaultHandler 
                                                            ; PWM Generator 0
  127 0000006C 00000000        DCD              IntDefaultHandler 
                                                            ; PWM Generator 1
  128 00000070 00000000        DCD              IntDefaultHandler 
                                                            ; PWM Generator 2
  129 00000074 00000000        DCD              IntDefaultHandler ; Quadrature 
                                                            Encoder 0
  130 00000078 00000000        DCD              IntDefaultHandler 
                                                            ; ADC Sequence 0
  131 0000007C 00000000        DCD              IntDefaultHandler 
                                                            ; ADC Sequence 1
  132 00000080 00000000        DCD              IntDefaultHandler 
                                                            ; ADC Sequence 2
  133 00000084 00000000        DCD              IntDefaultHandler 
                                                            ; ADC Sequence 3
  134 00000088 00000000        DCD              IntDefaultHandler 
                                                            ; Watchdog timer
  135 0000008C 00000000        DCD              IntDefaultHandler ; Timer 0 sub
                                                            timer A
  136 00000090 00000000        DCD              IntDefaultHandler ; Timer 0 sub
                                                            timer B
  137 00000094 00000000        DCD              IntDefaultHandler ; Timer 1 sub
                                                            timer A
  138 00000098 00000000        DCD              IntDefaultHandler ; Timer 1 sub
                                                            timer B
  139 0000009C 00000000        DCD              IntDefaultHandler ; Timer 2 sub
                                                            timer A
  140 000000A0 00000000        DCD              IntDefaultHandler ; Timer 2 sub
                                                            timer B
  141 000000A4 00000000        DCD              IntDefaultHandler ; Analog Comp
                                                            arator 0
  142 000000A8 00000000        DCD              IntDefaultHandler ; Analog Comp
                                                            arator 1
  143 000000AC 00000000        DCD              IntDefaultHandler ; Analog Comp
                                                            arator 2
  144 000000B0 00000000        DCD              IntDefaultHandler ; System Cont
                                                            rol (PLL, OSC, BO)
  145 000000B4 00000000        DCD              IntDefaultHandler 
                                                            ; FLASH Control
  146 000000B8 00000000        DCD              GPIOPortF_Handler ; GPIO Port F
                                                            
  147 000000BC 00000000        DCD              IntDefaultHandler ; GPIO Port G
                                                            
  148 000000C0 00000000        DCD              IntDefaultHandler ; GPIO Port H
                                                            
  149 000000C4 00000000        DCD              IntDefaultHandler 
                                                            ; UART2 Rx and Tx



ARM Macro Assembler    Page 5 


  150 000000C8 00000000        DCD              IntDefaultHandler 
                                                            ; SSI1 Rx and Tx
  151 000000CC 00000000        DCD              IntDefaultHandler ; Timer 3 sub
                                                            timer A
  152 000000D0 00000000        DCD              IntDefaultHandler ; Timer 3 sub
                                                            timer B
  153 000000D4 00000000        DCD              IntDefaultHandler ; I2C1 Master
                                                             and Slave
  154 000000D8 00000000        DCD              IntDefaultHandler ; Quadrature 
                                                            Encoder 1
  155 000000DC 00000000        DCD              IntDefaultHandler ; CAN0
  156 000000E0 00000000        DCD              IntDefaultHandler ; CAN1
  157 000000E4 00000000        DCD              0           ; Reserved
  158 000000E8 00000000        DCD              0           ; Reserved
  159 000000EC 00000000        DCD              IntDefaultHandler ; Hibernate
  160 000000F0 00000000        DCD              IntDefaultHandler ; USB0
  161 000000F4 00000000        DCD              IntDefaultHandler 
                                                            ; PWM Generator 3
  162 000000F8 00000000        DCD              IntDefaultHandler ; uDMA Softwa
                                                            re Transfer
  163 000000FC 00000000        DCD              IntDefaultHandler ; uDMA Error
  164 00000100 00000000        DCD              IntDefaultHandler 
                                                            ; ADC1 Sequence 0
  165 00000104 00000000        DCD              IntDefaultHandler 
                                                            ; ADC1 Sequence 1
  166 00000108 00000000        DCD              IntDefaultHandler 
                                                            ; ADC1 Sequence 2
  167 0000010C 00000000        DCD              IntDefaultHandler 
                                                            ; ADC1 Sequence 3
  168 00000110 00000000        DCD              0           ; Reserved
  169 00000114 00000000        DCD              0           ; Reserved
  170 00000118 00000000        DCD              IntDefaultHandler ; GPIO Port J
                                                            
  171 0000011C 00000000        DCD              IntDefaultHandler ; GPIO Port K
                                                            
  172 00000120 00000000        DCD              IntDefaultHandler ; GPIO Port L
                                                            
  173 00000124 00000000        DCD              IntDefaultHandler 
                                                            ; SSI2 Rx and Tx
  174 00000128 00000000        DCD              IntDefaultHandler 
                                                            ; SSI3 Rx and Tx
  175 0000012C 00000000        DCD              IntDefaultHandler 
                                                            ; UART3 Rx and Tx
  176 00000130 00000000        DCD              IntDefaultHandler 
                                                            ; UART4 Rx and Tx
  177 00000134 00000000        DCD              IntDefaultHandler 
                                                            ; UART5 Rx and Tx
  178 00000138 00000000        DCD              IntDefaultHandler 
                                                            ; UART6 Rx and Tx
  179 0000013C 00000000        DCD              IntDefaultHandler 
                                                            ; UART7 Rx and Tx
  180 00000140 00000000        DCD              0           ; Reserved
  181 00000144 00000000        DCD              0           ; Reserved
  182 00000148 00000000        DCD              0           ; Reserved
  183 0000014C 00000000        DCD              0           ; Reserved
  184 00000150 00000000        DCD              IntDefaultHandler ; I2C2 Master
                                                             and Slave
  185 00000154 00000000        DCD              IntDefaultHandler ; I2C3 Master
                                                             and Slave



ARM Macro Assembler    Page 6 


  186 00000158 00000000        DCD              IntDefaultHandler ; Timer 4 sub
                                                            timer A
  187 0000015C 00000000        DCD              IntDefaultHandler ; Timer 4 sub
                                                            timer B
  188 00000160 00000000        DCD              0           ; Reserved
  189 00000164 00000000        DCD              0           ; Reserved
  190 00000168 00000000        DCD              0           ; Reserved
  191 0000016C 00000000        DCD              0           ; Reserved
  192 00000170 00000000        DCD              0           ; Reserved
  193 00000174 00000000        DCD              0           ; Reserved
  194 00000178 00000000        DCD              0           ; Reserved
  195 0000017C 00000000        DCD              0           ; Reserved
  196 00000180 00000000        DCD              0           ; Reserved
  197 00000184 00000000        DCD              0           ; Reserved
  198 00000188 00000000        DCD              0           ; Reserved
  199 0000018C 00000000        DCD              0           ; Reserved
  200 00000190 00000000        DCD              0           ; Reserved
  201 00000194 00000000        DCD              0           ; Reserved
  202 00000198 00000000        DCD              0           ; Reserved
  203 0000019C 00000000        DCD              0           ; Reserved
  204 000001A0 00000000        DCD              0           ; Reserved
  205 000001A4 00000000        DCD              0           ; Reserved
  206 000001A8 00000000        DCD              0           ; Reserved
  207 000001AC 00000000        DCD              0           ; Reserved
  208 000001B0 00000000        DCD              IntDefaultHandler ; Timer 5 sub
                                                            timer A
  209 000001B4 00000000        DCD              IntDefaultHandler ; Timer 5 sub
                                                            timer B
  210 000001B8 00000000        DCD              IntDefaultHandler ; Wide Timer 
                                                            0 subtimer A
  211 000001BC 00000000        DCD              IntDefaultHandler ; Wide Timer 
                                                            0 subtimer B
  212 000001C0 00000000        DCD              IntDefaultHandler ; Wide Timer 
                                                            1 subtimer A
  213 000001C4 00000000        DCD              IntDefaultHandler ; Wide Timer 
                                                            1 subtimer B
  214 000001C8 00000000        DCD              IntDefaultHandler ; Wide Timer 
                                                            2 subtimer A
  215 000001CC 00000000        DCD              IntDefaultHandler ; Wide Timer 
                                                            2 subtimer B
  216 000001D0 00000000        DCD              IntDefaultHandler ; Wide Timer 
                                                            3 subtimer A
  217 000001D4 00000000        DCD              IntDefaultHandler ; Wide Timer 
                                                            3 subtimer B
  218 000001D8 00000000        DCD              IntDefaultHandler ; Wide Timer 
                                                            4 subtimer A
  219 000001DC 00000000        DCD              IntDefaultHandler ; Wide Timer 
                                                            4 subtimer B
  220 000001E0 00000000        DCD              IntDefaultHandler ; Wide Timer 
                                                            5 subtimer A
  221 000001E4 00000000        DCD              IntDefaultHandler ; Wide Timer 
                                                            5 subtimer B
  222 000001E8 00000000        DCD              IntDefaultHandler ; FPU
  223 000001EC 00000000        DCD              0           ; Reserved
  224 000001F0 00000000        DCD              0           ; Reserved
  225 000001F4 00000000        DCD              IntDefaultHandler ; I2C4 Master
                                                             and Slave
  226 000001F8 00000000        DCD              IntDefaultHandler ; I2C5 Master
                                                             and Slave



ARM Macro Assembler    Page 7 


  227 000001FC 00000000        DCD              IntDefaultHandler ; GPIO Port M
                                                            
  228 00000200 00000000        DCD              IntDefaultHandler ; GPIO Port N
                                                            
  229 00000204 00000000        DCD              IntDefaultHandler ; Quadrature 
                                                            Encoder 2
  230 00000208 00000000        DCD              0           ; Reserved
  231 0000020C 00000000        DCD              0           ; Reserved
  232 00000210 00000000        DCD              IntDefaultHandler ; GPIO Port P
                                                             (Summary or P0)
  233 00000214 00000000        DCD              IntDefaultHandler 
                                                            ; GPIO Port P1
  234 00000218 00000000        DCD              IntDefaultHandler 
                                                            ; GPIO Port P2
  235 0000021C 00000000        DCD              IntDefaultHandler 
                                                            ; GPIO Port P3
  236 00000220 00000000        DCD              IntDefaultHandler 
                                                            ; GPIO Port P4
  237 00000224 00000000        DCD              IntDefaultHandler 
                                                            ; GPIO Port P5
  238 00000228 00000000        DCD              IntDefaultHandler 
                                                            ; GPIO Port P6
  239 0000022C 00000000        DCD              IntDefaultHandler 
                                                            ; GPIO Port P7
  240 00000230 00000000        DCD              IntDefaultHandler ; GPIO Port Q
                                                             (Summary or Q0)
  241 00000234 00000000        DCD              IntDefaultHandler 
                                                            ; GPIO Port Q1
  242 00000238 00000000        DCD              IntDefaultHandler 
                                                            ; GPIO Port Q2
  243 0000023C 00000000        DCD              IntDefaultHandler 
                                                            ; GPIO Port Q3
  244 00000240 00000000        DCD              IntDefaultHandler 
                                                            ; GPIO Port Q4
  245 00000244 00000000        DCD              IntDefaultHandler 
                                                            ; GPIO Port Q5
  246 00000248 00000000        DCD              IntDefaultHandler 
                                                            ; GPIO Port Q6
  247 0000024C 00000000        DCD              IntDefaultHandler 
                                                            ; GPIO Port Q7
  248 00000250 00000000        DCD              IntDefaultHandler ; GPIO Port R
                                                            
  249 00000254 00000000        DCD              IntDefaultHandler ; GPIO Port S
                                                            
  250 00000258 00000000        DCD              IntDefaultHandler 
                                                            ; PWM 1 Generator 0
                                                            
  251 0000025C 00000000        DCD              IntDefaultHandler 
                                                            ; PWM 1 Generator 1
                                                            
  252 00000260 00000000        DCD              IntDefaultHandler 
                                                            ; PWM 1 Generator 2
                                                            
  253 00000264 00000000        DCD              IntDefaultHandler 
                                                            ; PWM 1 Generator 3
                                                            
  254 00000268 00000000        DCD              IntDefaultHandler ; PWM 1 Fault
                                                            
  255 0000026C         



ARM Macro Assembler    Page 8 


  256 0000026C         ;*******************************************************
                       ***********************
  257 0000026C         ;
  258 0000026C         ; This is the code that gets called when the processor f
                       irst starts execution
  259 0000026C         ; following a reset event.
  260 0000026C         ;
  261 0000026C         ;*******************************************************
                       ***********************
  262 0000026C                 EXPORT           Reset_Handler
  263 0000026C         Reset_Handler
  264 0000026C         ;
  265 0000026C         ; Enable the floating-point unit.  This must be done her
                       e to handle the
  266 0000026C         ; case where main() uses floating-point and the function
                        prologue saves
  267 0000026C         ; floating-point registers (which will fault if floating
                       -point is not
  268 0000026C         ; enabled).  Any configuration of the floating-point uni
                       t using
  269 0000026C         ; DriverLib APIs must be done here prior to the floating
                       -point unit
  270 0000026C         ; being enabled.
  271 0000026C         ;
  272 0000026C         ; Note that this does not use DriverLib since it might n
                       ot be included
  273 0000026C         ; in this project.
  274 0000026C         ;
  275 0000026C F64E 5088       MOVW             R0, #0xED88
  276 00000270 F2CE 0000       MOVT             R0, #0xE000
  277 00000274 6801            LDR              R1, [R0]
  278 00000276 F441 0170       ORR              R1, #0x00F00000
  279 0000027A 6001            STR              R1, [R0]
  280 0000027C         
  281 0000027C         ;
  282 0000027C         ; Call the C library enty point that handles startup.  T
                       his will copy
  283 0000027C         ; the .data section initializers from flash to SRAM and 
                       zero fill the
  284 0000027C         ; .bss section.
  285 0000027C         ;
  286 0000027C                 IMPORT           __main
  287 0000027C F7FF BFFE       B                __main
  288 00000280         
  289 00000280         ;*******************************************************
                       ***********************
  290 00000280         ;
  291 00000280         ; This is the code that gets called when the processor r
                       eceives a NMI.  This
  292 00000280         ; simply enters an infinite loop, preserving the system 
                       state for examination
  293 00000280         ; by a debugger.
  294 00000280         ;
  295 00000280         ;*******************************************************
                       ***********************
  296 00000280         NmiSR
  297 00000280 E7FE            B                NmiSR
  298 00000282         
  299 00000282         ;*******************************************************



ARM Macro Assembler    Page 9 


                       ***********************
  300 00000282         ;
  301 00000282         ; This is the code that gets called when the processor r
                       eceives a fault
  302 00000282         ; interrupt.  This simply enters an infinite loop, prese
                       rving the system state
  303 00000282         ; for examination by a debugger.
  304 00000282         ;
  305 00000282         ;*******************************************************
                       ***********************
  306 00000282         FaultISR
  307 00000282 E7FE            B                FaultISR
  308 00000284         
  309 00000284         ;*******************************************************
                       ***********************
  310 00000284         ;
  311 00000284         ; This is the code that gets called when the processor r
                       eceives an unexpected
  312 00000284         ; interrupt.  This simply enters an infinite loop, prese
                       rving the system state
  313 00000284         ; for examination by a debugger.
  314 00000284         ;
  315 00000284         ;*******************************************************
                       ***********************
  316 00000284         IntDefaultHandler
  317 00000284 E7FE            B                IntDefaultHandler
  318 00000286         
  319 00000286         ;*******************************************************
                       ***********************
  320 00000286         ;
  321 00000286         ; Make sure the end of this section is aligned.
  322 00000286         ;
  323 00000286         ;*******************************************************
                       ***********************
  324 00000286 00 00           ALIGN
  325 00000288         
  326 00000288         ;*******************************************************
                       ***********************
  327 00000288         ;
  328 00000288         ; Some code in the normal code section for initializing 
                       the heap and stack.
  329 00000288         ;
  330 00000288         ;*******************************************************
                       ***********************
  331 00000288                 AREA             |.text|, CODE, READONLY
  332 00000000         
  333 00000000         ;*******************************************************
                       ***********************
  334 00000000         ;
  335 00000000         ; The function expected of the C library startup code fo
                       r defining the stack
  336 00000000         ; and heap memory locations.  For the C library version 
                       of the startup code,
  337 00000000         ; provide this function so that the C library initializa
                       tion code can find out
  338 00000000         ; the location of the stack and heap.
  339 00000000         ;
  340 00000000         ;*******************************************************
                       ***********************



ARM Macro Assembler    Page 10 


  341 00000000                 IF               :DEF: __MICROLIB
  346 00000000                 IMPORT           __use_two_region_memory
  347 00000000                 EXPORT           __user_initial_stackheap
  348 00000000         __user_initial_stackheap
  349 00000000 4802            LDR              R0, =HeapMem
  350 00000002 4903            LDR              R1, =(StackMem + Stack)
  351 00000004 4A01            LDR              R2, =(HeapMem + Heap)
  352 00000006 4B03            LDR              R3, =StackMem
  353 00000008 4770            BX               LR
  354 0000000A                 ENDIF
  355 0000000A         
  356 0000000A         ;*******************************************************
                       ***********************
  357 0000000A         ;
  358 0000000A         ; Make sure the end of this section is aligned.
  359 0000000A         ;
  360 0000000A         ;*******************************************************
                       ***********************
  361 0000000A 00 00           ALIGN
  362 0000000C         
  363 0000000C         ;*******************************************************
                       ***********************
  364 0000000C         ;
  365 0000000C         ; Tell the assembler that we're done.
  366 0000000C         ;
  367 0000000C         ;*******************************************************
                       ***********************
  368 0000000C                 END
              00000000 
              00000100 
              00000000 
Command Line: --debug --xref --diag_suppress=9931 --cpu=Cortex-M4.fp --apcs=int
erwork --depend=.\objects\startup_rvmdk.d -o.\objects\startup_rvmdk.o -II:\proj
ects\TM4C_learning\3_PWM_HAL\RTE -IC:\Users\richw\AppData\Local\Arm\Packs\Keil\
TM4C_DFP\1.1.0\Device\Include\TM4C123 -IH:\Keil_v5\ARM\CMSIS\Include --predefin
e="__EVAL SETA 1" --predefine="__UVISION_VERSION SETA 521" --predefine="TM4C123
GH6PM SETA 1" --list=.\listings\startup_rvmdk.lst src\startup_rvmdk.s



ARM Macro Assembler    Page 1 Alphabetic symbol ordering
Relocatable symbols

STACK 00000000

Symbol: STACK
   Definitions
      At line 60 in file src\startup_rvmdk.s
   Uses
      None
Comment: STACK unused
StackMem 00000000

Symbol: StackMem
   Definitions
      At line 61 in file src\startup_rvmdk.s
   Uses
      At line 100 in file src\startup_rvmdk.s
      At line 350 in file src\startup_rvmdk.s
      At line 352 in file src\startup_rvmdk.s

__initial_sp 00000100

Symbol: __initial_sp
   Definitions
      At line 63 in file src\startup_rvmdk.s
   Uses
      None
Comment: __initial_sp unused
3 symbols



ARM Macro Assembler    Page 1 Alphabetic symbol ordering
Relocatable symbols

HEAP 00000000

Symbol: HEAP
   Definitions
      At line 70 in file src\startup_rvmdk.s
   Uses
      None
Comment: HEAP unused
HeapMem 00000000

Symbol: HeapMem
   Definitions
      At line 72 in file src\startup_rvmdk.s
   Uses
      At line 349 in file src\startup_rvmdk.s
      At line 351 in file src\startup_rvmdk.s

__heap_base 00000000

Symbol: __heap_base
   Definitions
      At line 71 in file src\startup_rvmdk.s
   Uses
      None
Comment: __heap_base unused
__heap_limit 00000000

Symbol: __heap_limit
   Definitions
      At line 74 in file src\startup_rvmdk.s
   Uses
      None
Comment: __heap_limit unused
4 symbols



ARM Macro Assembler    Page 1 Alphabetic symbol ordering
Relocatable symbols

FaultISR 00000282

Symbol: FaultISR
   Definitions
      At line 306 in file src\startup_rvmdk.s
   Uses
      At line 103 in file src\startup_rvmdk.s
      At line 307 in file src\startup_rvmdk.s

IntDefaultHandler 00000284

Symbol: IntDefaultHandler
   Definitions
      At line 316 in file src\startup_rvmdk.s
   Uses
      At line 104 in file src\startup_rvmdk.s
      At line 105 in file src\startup_rvmdk.s
      At line 106 in file src\startup_rvmdk.s
      At line 111 in file src\startup_rvmdk.s
      At line 112 in file src\startup_rvmdk.s
      At line 114 in file src\startup_rvmdk.s
      At line 115 in file src\startup_rvmdk.s
      At line 116 in file src\startup_rvmdk.s
      At line 117 in file src\startup_rvmdk.s
      At line 118 in file src\startup_rvmdk.s
      At line 119 in file src\startup_rvmdk.s
      At line 120 in file src\startup_rvmdk.s
      At line 121 in file src\startup_rvmdk.s
      At line 122 in file src\startup_rvmdk.s
      At line 123 in file src\startup_rvmdk.s
      At line 124 in file src\startup_rvmdk.s
      At line 125 in file src\startup_rvmdk.s
      At line 126 in file src\startup_rvmdk.s
      At line 127 in file src\startup_rvmdk.s
      At line 128 in file src\startup_rvmdk.s
      At line 129 in file src\startup_rvmdk.s
      At line 130 in file src\startup_rvmdk.s
      At line 131 in file src\startup_rvmdk.s
      At line 132 in file src\startup_rvmdk.s
      At line 133 in file src\startup_rvmdk.s
      At line 134 in file src\startup_rvmdk.s
      At line 135 in file src\startup_rvmdk.s
      At line 136 in file src\startup_rvmdk.s
      At line 137 in file src\startup_rvmdk.s
      At line 138 in file src\startup_rvmdk.s
      At line 139 in file src\startup_rvmdk.s
      At line 140 in file src\startup_rvmdk.s
      At line 141 in file src\startup_rvmdk.s
      At line 142 in file src\startup_rvmdk.s
      At line 143 in file src\startup_rvmdk.s
      At line 144 in file src\startup_rvmdk.s
      At line 145 in file src\startup_rvmdk.s
      At line 147 in file src\startup_rvmdk.s
      At line 148 in file src\startup_rvmdk.s
      At line 149 in file src\startup_rvmdk.s
      At line 150 in file src\startup_rvmdk.s
      At line 151 in file src\startup_rvmdk.s
      At line 152 in file src\startup_rvmdk.s
      At line 153 in file src\startup_rvmdk.s



ARM Macro Assembler    Page 2 Alphabetic symbol ordering
Relocatable symbols

      At line 154 in file src\startup_rvmdk.s
      At line 155 in file src\startup_rvmdk.s
      At line 156 in file src\startup_rvmdk.s
      At line 159 in file src\startup_rvmdk.s
      At line 160 in file src\startup_rvmdk.s
      At line 161 in file src\startup_rvmdk.s
      At line 162 in file src\startup_rvmdk.s
      At line 163 in file src\startup_rvmdk.s
      At line 164 in file src\startup_rvmdk.s
      At line 165 in file src\startup_rvmdk.s
      At line 166 in file src\startup_rvmdk.s
      At line 167 in file src\startup_rvmdk.s
      At line 170 in file src\startup_rvmdk.s
      At line 171 in file src\startup_rvmdk.s
      At line 172 in file src\startup_rvmdk.s
      At line 173 in file src\startup_rvmdk.s
      At line 174 in file src\startup_rvmdk.s
      At line 175 in file src\startup_rvmdk.s
      At line 176 in file src\startup_rvmdk.s
      At line 177 in file src\startup_rvmdk.s
      At line 178 in file src\startup_rvmdk.s
      At line 179 in file src\startup_rvmdk.s
      At line 184 in file src\startup_rvmdk.s
      At line 185 in file src\startup_rvmdk.s
      At line 186 in file src\startup_rvmdk.s
      At line 187 in file src\startup_rvmdk.s
      At line 208 in file src\startup_rvmdk.s
      At line 209 in file src\startup_rvmdk.s
      At line 210 in file src\startup_rvmdk.s
      At line 211 in file src\startup_rvmdk.s
      At line 212 in file src\startup_rvmdk.s
      At line 213 in file src\startup_rvmdk.s
      At line 214 in file src\startup_rvmdk.s
      At line 215 in file src\startup_rvmdk.s
      At line 216 in file src\startup_rvmdk.s
      At line 217 in file src\startup_rvmdk.s
      At line 218 in file src\startup_rvmdk.s
      At line 219 in file src\startup_rvmdk.s
      At line 220 in file src\startup_rvmdk.s
      At line 221 in file src\startup_rvmdk.s
      At line 222 in file src\startup_rvmdk.s
      At line 225 in file src\startup_rvmdk.s
      At line 226 in file src\startup_rvmdk.s
      At line 227 in file src\startup_rvmdk.s
      At line 228 in file src\startup_rvmdk.s
      At line 229 in file src\startup_rvmdk.s
      At line 232 in file src\startup_rvmdk.s
      At line 233 in file src\startup_rvmdk.s
      At line 234 in file src\startup_rvmdk.s
      At line 235 in file src\startup_rvmdk.s
      At line 236 in file src\startup_rvmdk.s
      At line 237 in file src\startup_rvmdk.s
      At line 238 in file src\startup_rvmdk.s
      At line 239 in file src\startup_rvmdk.s
      At line 240 in file src\startup_rvmdk.s
      At line 241 in file src\startup_rvmdk.s
      At line 242 in file src\startup_rvmdk.s
      At line 243 in file src\startup_rvmdk.s
      At line 244 in file src\startup_rvmdk.s



ARM Macro Assembler    Page 3 Alphabetic symbol ordering
Relocatable symbols

      At line 245 in file src\startup_rvmdk.s
      At line 246 in file src\startup_rvmdk.s
      At line 247 in file src\startup_rvmdk.s
      At line 248 in file src\startup_rvmdk.s
      At line 249 in file src\startup_rvmdk.s
      At line 250 in file src\startup_rvmdk.s
      At line 251 in file src\startup_rvmdk.s
      At line 252 in file src\startup_rvmdk.s
      At line 253 in file src\startup_rvmdk.s
      At line 254 in file src\startup_rvmdk.s
      At line 317 in file src\startup_rvmdk.s

NmiSR 00000280

Symbol: NmiSR
   Definitions
      At line 296 in file src\startup_rvmdk.s
   Uses
      At line 102 in file src\startup_rvmdk.s
      At line 297 in file src\startup_rvmdk.s

RESET 00000000

Symbol: RESET
   Definitions
      At line 88 in file src\startup_rvmdk.s
   Uses
      None
Comment: RESET unused
Reset_Handler 0000026C

Symbol: Reset_Handler
   Definitions
      At line 263 in file src\startup_rvmdk.s
   Uses
      At line 101 in file src\startup_rvmdk.s
      At line 262 in file src\startup_rvmdk.s

__Vectors 00000000

Symbol: __Vectors
   Definitions
      At line 99 in file src\startup_rvmdk.s
   Uses
      At line 98 in file src\startup_rvmdk.s
Comment: __Vectors used once
6 symbols



ARM Macro Assembler    Page 1 Alphabetic symbol ordering
Relocatable symbols

.text 00000000

Symbol: .text
   Definitions
      At line 331 in file src\startup_rvmdk.s
   Uses
      None
Comment: .text unused
__user_initial_stackheap 00000000

Symbol: __user_initial_stackheap
   Definitions
      At line 348 in file src\startup_rvmdk.s
   Uses
      At line 347 in file src\startup_rvmdk.s
Comment: __user_initial_stackheap used once
2 symbols



ARM Macro Assembler    Page 1 Alphabetic symbol ordering
Absolute symbols

Heap 00000000

Symbol: Heap
   Definitions
      At line 53 in file src\startup_rvmdk.s
   Uses
      At line 73 in file src\startup_rvmdk.s
      At line 351 in file src\startup_rvmdk.s

Stack 00000100

Symbol: Stack
   Definitions
      At line 46 in file src\startup_rvmdk.s
   Uses
      At line 62 in file src\startup_rvmdk.s
      At line 100 in file src\startup_rvmdk.s
      At line 350 in file src\startup_rvmdk.s

2 symbols



ARM Macro Assembler    Page 1 Alphabetic symbol ordering
External symbols

GPIOPortF_Handler 00000000

Symbol: GPIOPortF_Handler
   Definitions
      At line 96 in file src\startup_rvmdk.s
   Uses
      At line 146 in file src\startup_rvmdk.s
Comment: GPIOPortF_Handler used once
__main 00000000

Symbol: __main
   Definitions
      At line 286 in file src\startup_rvmdk.s
   Uses
      At line 287 in file src\startup_rvmdk.s
Comment: __main used once
__use_two_region_memory 00000000

Symbol: __use_two_region_memory
   Definitions
      At line 346 in file src\startup_rvmdk.s
   Uses
      None
Comment: __use_two_region_memory unused
3 symbols
358 symbols in table
